#
# There is insufficient memory for the Java Runtime Environment to continue.
# Native memory allocation (mmap) failed to map 528482304 bytes. Error detail: G1 virtual space
# Possible reasons:
#   The system is out of physical RAM or swap space
#   This process is running with CompressedOops enabled, and the Java Heap may be blocking the growth of the native heap
# Possible solutions:
#   Reduce memory load on the system
#   Increase physical memory or swap space
#   Check if swap backing store is full
#   Decrease Java heap size (-Xmx/-Xms)
#   Decrease number of Java threads
#   Decrease Java thread stack sizes (-Xss)
#   Set larger code cache with -XX:ReservedCodeCacheSize=
#   JVM is running with Zero Based Compressed Oops mode in which the Java heap is
#     placed in the first 32GB address space. The Java Heap base address is the
#     maximum limit for the native heap growth. Please use -XX:HeapBaseMinAddress
#     to set the Java Heap base and to place the Java Heap above 32GB virtual address.
# This output file may be truncated or incomplete.
#
#  Out of Memory Error (os_windows.cpp:3925), pid=30048, tid=14544
#
# JRE version:  (21.0.8+1) (build )
# Java VM: OpenJDK 64-Bit Server VM (21.0.8+1-b895.146, mixed mode, sharing, tiered, compressed oops, compressed class ptrs, g1 gc, windows-amd64)
# No core dump will be written. Minidumps are not enabled by default on client versions of Windows
#

---------------  S U M M A R Y ------------

Command Line: -Djava.io.tmpdir=C:\Users\niccs\AppData\Local\JetBrains\Rider2025.1\tmp\statistics-uploader com.intellij.internal.statistic.uploader.EventLogUploader --ide-token C:\Users\niccs\AppData\Local\JetBrains\Rider2025.1\token --recorders FUS;MP;IJ_MAP;ML --device-fus 15072513f708ff0-150d-4f7f-9cc6-76201d26dce9 --bucket-fus 154 --machine-fus 71fde78f0b86ff2283e2e657e50f0a1a500458dcde0abcaca46c81f4a2c08c2f --id-revision-fus 0 --files-fus C:\Users\niccs\AppData\Local\JetBrains\Rider2025.1\event-log-data\logs\FUS\baee-499e-9992-46e33bac50c1-251.28293.45-release.log --escape-fus false --device-mp 15072513013514a-e3f7-4ef6-9755-74dc26e2051a --bucket-mp 81 --machine-mp 790ad6affec13c0763442ca941a85d16127d4e6541ebdf2a50f6a9d72d6d9614 --id-revision-mp 0 --files-mp C:\Users\niccs\AppData\Local\JetBrains\Rider2025.1\event-log-data\logs\MP\ab45-494d-86b1-60d900ea896a-251.28293.45-release.log --escape-mp false --device-ij_map 15072513f708ff0-150d-4f7f-9cc6-76201d26dce9 --bucket-ij_map 154 --machine-ij_map 71fde78f0b86ff2283e2e657e50f0a1a500458dcde0abcaca46c81f4a2c08c2f --id-revision-ij_map 0 --files-ij_map C:\Users\niccs\AppData\Local\JetBrains\Rider2025.1\event-log-data\logs\IJ_MAP\0bb3-4691-bbfc-258730522925-251.28293.45-release.log;C:\Users\niccs\AppData\Local\JetBrains\Rider2025.1\event-log-data\logs\IJ_MAP\19e3-457d-8cd1-7201886853b4-251.28293.45-release.log;C:\Users\niccs\AppData\Local\JetBrains\Rider2025.1\event-log-data\logs\IJ_MAP\1c4d-4ad6-8f6c-313242480753-251.28293.45-release.log;C:\Users\niccs\AppData\Local\JetBrains\Rider2025.1\event-log-data\logs\IJ_MAP\35f9-48cc-a7a9-449c75516867-251.28293.45-release.log;C:\Users\niccs\AppData\Local\JetBrains\Rider2025.1\event-log-data\logs\IJ_MAP\4329-4833-bda9-8445aa636539-251.28293.45-release.log --escape-ij_map false --device-ml 15072513f708ff0-150d-4f7f-9cc6-76201d26dce9 --bucket-ml 154 --machine-ml 71fde78f0b86ff2283e2e657e50f0a1a500458dcde0abcaca46c81f4a2c08c2f --id-revision-ml 0 --files-ml C:\Users\niccs\AppData\Local\JetBrains\Rider2025.1\event-log-data\logs\ML\35a9-441a-85df-0ba64bff3f0f-251.28293.45-release.log;C:\Users\niccs\AppData\Local\JetBrains\Rider2025.1\event-log-data\logs\ML\b6be-4d42-858b-424599305c4c-251.28293.45-release.log --escape-ml false --url https://resources.jetbrains.com/storage/fus/config/v4/%s/%s.json --product RD --product-version 2025.1.7 --baseline-version 251 --user-agent JetBrains Rider/251.28293.45 --extra-headers 

Host: AMD Ryzen 9 270 w/ Radeon 780M Graphics        , 16 cores, 31G,  Windows 11 , 64 bit Build 26100 (10.0.26100.5074)
Time: Sun Sep 14 00:14:12 2025 Pacific Daylight Time elapsed time: 0.019145 seconds (0d 0h 0m 0s)

---------------  T H R E A D  ---------------

Current thread (0x0000019b45c2cb70):  JavaThread "Unknown thread" [_thread_in_vm, id=14544, stack(0x0000005482100000,0x0000005482200000) (1024K)]

Stack: [0x0000005482100000,0x0000005482200000]
Native frames: (J=compiled Java code, j=interpreted, Vv=VM code, C=native code)
V  [jvm.dll+0x6ea2e9]
V  [jvm.dll+0x8ca2d3]
V  [jvm.dll+0x8cc88e]
V  [jvm.dll+0x8ccf73]
V  [jvm.dll+0x28a656]
V  [jvm.dll+0x6e6b05]
V  [jvm.dll+0x6da31a]
V  [jvm.dll+0x36602b]
V  [jvm.dll+0x36dbf6]
V  [jvm.dll+0x3c0046]
V  [jvm.dll+0x3c0318]
V  [jvm.dll+0x33886c]
V  [jvm.dll+0x33955b]
V  [jvm.dll+0x891759]
V  [jvm.dll+0x3cd218]
V  [jvm.dll+0x87a778]
V  [jvm.dll+0x461c9e]
V  [jvm.dll+0x463981]
C  [jli.dll+0x52ab]
C  [ucrtbase.dll+0x37b0]
C  [KERNEL32.DLL+0x2e8d7]
C  [ntdll.dll+0x8d9c]


---------------  P R O C E S S  ---------------

Threads class SMR info:
_java_thread_list=0x00007ff81a6a2288, length=0, elements={
}

Java Threads: ( => current thread )
Total: 0

Other Threads:
  0x0000019b45cd46d0 WorkerThread "GC Thread#0"                     [id=4536, stack(0x0000005482200000,0x0000005482300000) (1024K)]
  0x0000019b45ce1480 ConcurrentGCThread "G1 Main Marker"            [id=17896, stack(0x0000005482300000,0x0000005482400000) (1024K)]
  0x0000019b65073390 WorkerThread "G1 Conc#0"                       [id=5716, stack(0x0000005482400000,0x0000005482500000) (1024K)]

[error occurred during error reporting (printing all threads), id 0xc0000005, EXCEPTION_ACCESS_VIOLATION (0xc0000005) at pc=0x00007ff819d8b857]
VM state: not at safepoint (not fully initialized)

VM Mutex/Monitor currently owned by a thread:  ([mutex/lock_event])
[0x00007ff81a716c08] Heap_lock - owner thread: 0x0000019b45c2cb70

Heap address: 0x000000060b400000, size: 8012 MB, Compressed Oops mode: Zero based, Oop shift amount: 3

CDS archive(s) mapped at: [0x0000000000000000-0x0000000000000000-0x0000000000000000), size 0, SharedBaseAddress: 0x0000000800000000, ArchiveRelocationMode: 1.
Narrow klass base: 0x0000000000000000, Narrow klass shift: 0, Narrow klass range: 0x0

GC Precious Log:
 CardTable entry size: 512
 Card Set container configuration: InlinePtr #cards 4 size 8 Array Of Cards #cards 32 size 80 Howl #buckets 8 coarsen threshold 7372 Howl Bitmap #cards 1024 size 144 coarsen threshold 921 Card regions per heap region 1 cards per card region 8192

Heap:
 garbage-first heap   total 0K, used 0K [0x000000060b400000, 0x0000000800000000)
  region size 4096K, 0 young (0K), 0 survivors (0K)
 Metaspace       used 0K, committed 0K, reserved 0K
  class space    used 0K, committed 0K, reserved 0K

Heap Regions: E=young(eden), S=young(survivor), O=old, HS=humongous(starts), HC=humongous(continues), CS=collection set, F=free, TAMS=top-at-mark-start, PB=parsable bottom

Card table byte_map: [0x0000019b5c290000,0x0000019b5d240000] _byte_map_base: 0x0000019b59236000

Marking Bits: (CMBitMap*) 0x0000019b45cd4ce0
 Bits: [0x0000019b5d240000, 0x0000019b64f70000)

GC Heap History (0 events):
No events

Dll operation events (1 events):
Event: 0.012 Loaded shared library C:\Program Files\JetBrains\JetBrains Rider 2025.1.4\jbr\bin\java.dll

Deoptimization events (0 events):
No events

Classes loaded (0 events):
No events

Classes unloaded (0 events):
No events

Classes redefined (0 events):
No events

Internal exceptions (0 events):
No events

ZGC Phase Switch (0 events):
No events

VM Operations (0 events):
No events

Memory protections (0 events):
No events

Nmethod flushes (0 events):
No events

Events (0 events):
No events


Dynamic libraries:
0x00007ff717f90000 - 0x00007ff717f9a000 	C:\Program Files\JetBrains\JetBrains Rider 2025.1.4\jbr\bin\java.exe
0x00007ff90c080000 - 0x00007ff90c2e9000 	C:\Windows\SYSTEM32\ntdll.dll
0x00007ff90b330000 - 0x00007ff90b3f9000 	C:\Windows\System32\KERNEL32.DLL
0x00007ff9095c0000 - 0x00007ff9099b3000 	C:\Windows\System32\KERNELBASE.dll
0x00007ff9099c0000 - 0x00007ff909b0b000 	C:\Windows\System32\ucrtbase.dll
0x00007ff8e5bf0000 - 0x00007ff8e5c08000 	C:\Program Files\JetBrains\JetBrains Rider 2025.1.4\jbr\bin\jli.dll
0x00007ff90b540000 - 0x00007ff90b704000 	C:\Windows\System32\USER32.dll
0x00007ff909e20000 - 0x00007ff909e47000 	C:\Windows\System32\win32u.dll
0x00007ff8ef3e0000 - 0x00007ff8ef673000 	C:\Windows\WinSxS\amd64_microsoft.windows.common-controls_6595b64144ccf1df_6.0.26100.5074_none_3e0d6f78e32fd63f\COMCTL32.dll
0x00007ff90a1e0000 - 0x00007ff90a20b000 	C:\Windows\System32\GDI32.dll
0x00007ff90b870000 - 0x00007ff90b919000 	C:\Windows\System32\msvcrt.dll
0x00007ff909b10000 - 0x00007ff909c3d000 	C:\Windows\System32\gdi32full.dll
0x00007ff909c40000 - 0x00007ff909ce3000 	C:\Windows\System32\msvcp_win.dll
0x00007ff8bab10000 - 0x00007ff8bab2b000 	C:\Program Files\JetBrains\JetBrains Rider 2025.1.4\jbr\bin\VCRUNTIME140.dll
0x00007ff90a500000 - 0x00007ff90a52f000 	C:\Windows\System32\IMM32.DLL
0x00007ff8bc710000 - 0x00007ff8bc71c000 	C:\Program Files\JetBrains\JetBrains Rider 2025.1.4\jbr\bin\vcruntime140_1.dll
0x00007ff8c8560000 - 0x00007ff8c85ed000 	C:\Program Files\JetBrains\JetBrains Rider 2025.1.4\jbr\bin\msvcp140.dll
0x00007ff819a40000 - 0x00007ff81a809000 	C:\Program Files\JetBrains\JetBrains Rider 2025.1.4\jbr\bin\server\jvm.dll
0x00007ff90b260000 - 0x00007ff90b314000 	C:\Windows\System32\ADVAPI32.dll
0x00007ff90a6e0000 - 0x00007ff90a786000 	C:\Windows\System32\sechost.dll
0x00007ff90b040000 - 0x00007ff90b158000 	C:\Windows\System32\RPCRT4.dll
0x00007ff90a790000 - 0x00007ff90a804000 	C:\Windows\System32\WS2_32.dll
0x00007ff8fac10000 - 0x00007ff8fac45000 	C:\Windows\SYSTEM32\WINMM.dll
0x00007ff900270000 - 0x00007ff90027b000 	C:\Windows\SYSTEM32\VERSION.dll
0x00007ff909070000 - 0x00007ff9090ce000 	C:\Windows\SYSTEM32\POWRPROF.dll
0x00007ff909050000 - 0x00007ff909064000 	C:\Windows\SYSTEM32\UMPDC.dll
0x00007ff907ff0000 - 0x00007ff90800b000 	C:\Windows\SYSTEM32\kernel.appcore.dll
0x00007ff8bb790000 - 0x00007ff8bb79a000 	C:\Program Files\JetBrains\JetBrains Rider 2025.1.4\jbr\bin\jimage.dll
0x00007ff8ff420000 - 0x00007ff8ff662000 	C:\Windows\SYSTEM32\DBGHELP.DLL
0x00007ff909e60000 - 0x00007ff90a1db000 	C:\Windows\System32\combase.dll
0x00007ff90b460000 - 0x00007ff90b537000 	C:\Windows\System32\OLEAUT32.dll
0x00007ff9008b0000 - 0x00007ff9008ed000 	C:\Windows\SYSTEM32\dbgcore.DLL
0x00007ff909d80000 - 0x00007ff909e19000 	C:\Windows\System32\bcryptPrimitives.dll
0x00007ff8b89c0000 - 0x00007ff8b89e0000 	C:\Program Files\JetBrains\JetBrains Rider 2025.1.4\jbr\bin\java.dll

JVMTI agents: none

dbghelp: loaded successfully - version: 4.0.5 - missing functions: none
symbol engine: initialized successfully - sym options: 0x614 - pdb path: .;C:\Program Files\JetBrains\JetBrains Rider 2025.1.4\jbr\bin;C:\Windows\SYSTEM32;C:\Windows\WinSxS\amd64_microsoft.windows.common-controls_6595b64144ccf1df_6.0.26100.5074_none_3e0d6f78e32fd63f;C:\Program Files\JetBrains\JetBrains Rider 2025.1.4\jbr\bin\server

VM Arguments:
jvm_args: -Djava.io.tmpdir=C:\Users\niccs\AppData\Local\JetBrains\Rider2025.1\tmp\statistics-uploader 
java_command: com.intellij.internal.statistic.uploader.EventLogUploader --ide-token C:\Users\niccs\AppData\Local\JetBrains\Rider2025.1\token --recorders FUS;MP;IJ_MAP;ML --device-fus 15072513f708ff0-150d-4f7f-9cc6-76201d26dce9 --bucket-fus 154 --machine-fus 71fde78f0b86ff2283e2e657e50f0a1a500458dcde0abcaca46c81f4a2c08c2f --id-revision-fus 0 --files-fus C:\Users\niccs\AppData\Local\JetBrains\Rider2025.1\event-log-data\logs\FUS\baee-499e-9992-46e33bac50c1-251.28293.45-release.log --escape-fus false --device-mp 15072513013514a-e3f7-4ef6-9755-74dc26e2051a --bucket-mp 81 --machine-mp 790ad6affec13c0763442ca941a85d16127d4e6541ebdf2a50f6a9d72d6d9614 --id-revision-mp 0 --files-mp C:\Users\niccs\AppData\Local\JetBrains\Rider2025.1\event-log-data\logs\MP\ab45-494d-86b1-60d900ea896a-251.28293.45-release.log --escape-mp false --device-ij_map 15072513f708ff0-150d-4f7f-9cc6-76201d26dce9 --bucket-ij_map 154 --machine-ij_map 71fde78f0b86ff2283e2e657e50f0a1a500458dcde0abcaca46c81f4a2c08c2f --id-revision-ij_map 0 --files-ij_map C:\Users\niccs\AppData\Local\JetBrains\Rider2025.1\event-log-data\logs\IJ_MAP\0bb3-4691-bbfc-258730522925-251.28293.45-release.log;C:\Users\niccs\AppData\Local\JetBrains\Rider2025.1\event-log-data\logs\IJ_MAP\19e3-457d-8cd1-7201886853b4-251.28293.45-release.log;C:\Users\niccs\AppData\Local\JetBrains\Rider2025.1\event-log-data\logs\IJ_MAP\1c4d-4ad6-8f6c-313242480753-251.28293.45-release.log;C:\Users\niccs\AppData\Local\JetBrains\Rider2025.1\event-log-data\logs\IJ_MAP\35f9-48cc-a7a9-449c75516867-251.28293.45-release.log;C:\Users\niccs\AppData\Local\JetBrains\Rider2025.1\event-log-data\logs\IJ_MAP\4329-4833-bda9-8445aa636539-251.28293.45-release.log --escape-ij_map false --device-ml 15072513f708ff0-150d-4f7f-9cc6-76201d26dce9 --bucket-ml 154 --machine-ml 71fde78f0b86ff2283e2e657e50f0a1a500458dcde0abcaca46c81f4a2c08c2f --id-revision-ml 0 --files-ml C:\Users\niccs\AppData\Local\JetBrains\Rider2025.1\event-log-data\logs\ML\35a9-441a-85df-0ba64bff3f0f-251.28293.45-
java_class_path (initial): C:\Program Files\JetBrains\JetBrains Rider 2025.1.4\lib\util-8.jar;C:\Program Files\JetBrains\JetBrains Rider 2025.1.4\lib\annotations.jar;C:\Program Files\JetBrains\JetBrains Rider 2025.1.4\lib\lib-client.jar;C:\Program Files\JetBrains\JetBrains Rider 2025.1.4\lib\stats.jar
Launcher Type: SUN_STANDARD

[Global flags]
     intx CICompilerCount                          = 12                                        {product} {ergonomic}
     uint ConcGCThreads                            = 3                                         {product} {ergonomic}
     uint G1ConcRefinementThreads                  = 13                                        {product} {ergonomic}
   size_t G1HeapRegionSize                         = 4194304                                   {product} {ergonomic}
    uintx GCDrainStackTargetSize                   = 64                                        {product} {ergonomic}
   size_t InitialHeapSize                          = 528482304                                 {product} {ergonomic}
   size_t MarkStackSize                            = 4194304                                   {product} {ergonomic}
   size_t MaxHeapSize                              = 8401190912                                {product} {ergonomic}
   size_t MinHeapDeltaBytes                        = 4194304                                   {product} {ergonomic}
   size_t MinHeapSize                              = 8388608                                   {product} {ergonomic}
    uintx NonNMethodCodeHeapSize                   = 7602480                                {pd product} {ergonomic}
    uintx NonProfiledCodeHeapSize                  = 122027880                              {pd product} {ergonomic}
    uintx ProfiledCodeHeapSize                     = 122027880                              {pd product} {ergonomic}
    uintx ReservedCodeCacheSize                    = 251658240                              {pd product} {ergonomic}
     bool SegmentedCodeCache                       = true                                      {product} {ergonomic}
   size_t SoftMaxHeapSize                          = 8401190912                             {manageable} {ergonomic}
     bool UseCompressedOops                        = true                           {product lp64_product} {ergonomic}
     bool UseG1GC                                  = true                                      {product} {ergonomic}
     bool UseLargePagesIndividualAllocation        = false                                  {pd product} {ergonomic}

Logging:
Log output configuration:
 #0: stdout all=warning uptime,level,tags foldmultilines=false
 #1: stderr all=off uptime,level,tags foldmultilines=false

Environment Variables:
PATH=C:\Windows\system32;C:\Windows;C:\Windows\System32\Wbem;C:\Windows\System32\WindowsPowerShell\v1.0\;C:\Windows\System32\OpenSSH\;C:\Program Files (x86)\NVIDIA Corporation\PhysX\Common;C:\Program Files\NVIDIA Corporation\NVIDIA App\NvDLISR;C:\Program Files\dotnet\;C:\Program Files\Git\cmd;C:\Users\niccs\AppData\Local\Microsoft\WindowsApps;C:\Users\niccs\AppData\Local\GitHubDesktop\bin;C:\Users\niccs\.lmstudio\bin
USERNAME=niccs
OS=Windows_NT
PROCESSOR_IDENTIFIER=AMD64 Family 25 Model 117 Stepping 2, AuthenticAMD
TMP=C:\Users\niccs\AppData\Local\Temp
TEMP=C:\Users\niccs\AppData\Local\Temp




Periodic native trim disabled

JNI global refs:
JNI global refs: 0, weak refs: 0

JNI global refs memory usage: 0, weak refs: 0

Process memory usage:
Resident Set Size: 12800K (0% of 32811704K total physical memory with 610244K free physical memory)

OOME stack traces (most recent first):
Classloader memory used:

---------------  S Y S T E M  ---------------

OS:
 Windows 11 , 64 bit Build 26100 (10.0.26100.5074)
OS uptime: 1 days 0:42 hours
Hyper-V role detected

CPU: total 16 (initial active 16) (16 cores per cpu, 2 threads per core) family 25 model 117 stepping 2 microcode 0xa70520a, cx8, cmov, fxsr, ht, mmx, 3dnowpref, sse, sse2, sse3, ssse3, sse4a, sse4.1, sse4.2, popcnt, lzcnt, tsc, tscinvbit, avx, avx2, aes, erms, clmul, bmi1, bmi2, adx, avx512f, avx512dq, avx512cd, avx512bw, avx512vl, sha, fma, vzeroupper, avx512_vpopcntdq, avx512_vpclmulqdq, avx512_vaes, avx512_vnni, clflush, clflushopt, avx512_vbmi2, avx512_vbmi, hv, rdtscp, rdpid, fsrm, gfni, avx512_bitalg, f16c, cet_ss, avx512_ifma
Processor Information for the first 16 processors :
  Max Mhz: 4001, Current Mhz: 4001, Mhz Limit: 4001

Memory: 4k page, system-wide physical 32042M (595M free)
TotalPageFile size 129718M (AvailPageFile size 361M)
current process WorkingSet (physical memory assigned to process): 12M, peak: 12M
current process commit charge ("private bytes"): 71M, peak: 575M

vm_info: OpenJDK 64-Bit Server VM (21.0.8+1-b895.146) for windows-amd64 JRE (21.0.8+1-b895.146), built on 2025-08-19 by "builduser" with MS VC++ 16.10 / 16.11 (VS2019)

END.
